INFO:werkzeug:[31m[1mWARNING: This is a development server. Do not use it in a production deployment. Use a production WSGI server instead.[0m
 * Running on http://127.0.0.1:5000
INFO:werkzeug:[33mPress CTRL+C to quit[0m
INFO:werkzeug: * Restarting with watchdog (fsevents)
WARNING:werkzeug: * Debugger is active!
INFO:werkzeug: * Debugger PIN: 665-861-189
DEBUG:fsevents:NativeEvent(path="/Users/I741851/Library/CloudStorage/OneDrive-SAPSE/University Work/DT402/ecommerce_dashboard-main/.git/FETCH_HEAD", inode=9106887, flags=418000, id=168807040): is_cloned, is_file, is_xattr_mod
DEBUG:fsevents:queue_event <FileModifiedEvent: event_type=modified, src_path='/Users/I741851/Library/CloudStorage/OneDrive-SAPSE/University Work/DT402/ecommerce_dashboard-main/.git/FETCH_HEAD', is_directory=False>
DEBUG:fsevents:NativeEvent(path="/Users/I741851/Library/CloudStorage/OneDrive-SAPSE/University Work/DT402/ecommerce_dashboard-main/app.log", inode=9805308, flags=410400, id=168807052): is_cloned, is_file, is_inode_meta_mod
DEBUG:fsevents:queue_event <FileModifiedEvent: event_type=modified, src_path='/Users/I741851/Library/CloudStorage/OneDrive-SAPSE/University Work/DT402/ecommerce_dashboard-main/app.log', is_directory=False>
DEBUG:fsevents:NativeEvent(path="/Users/I741851/Library/CloudStorage/OneDrive-SAPSE/University Work/DT402/ecommerce_dashboard-main/app.log", inode=9805308, flags=410000, id=168808607): is_cloned, is_file
DEBUG:fsevents:NativeEvent(path="/Users/I741851/Library/CloudStorage/OneDrive-SAPSE/University Work/DT402/ecommerce_dashboard-main", inode=9099842, flags=20400, id=168809183): is_directory, is_inode_meta_mod
DEBUG:fsevents:queue_event <DirModifiedEvent: event_type=modified, src_path='/Users/I741851/Library/CloudStorage/OneDrive-SAPSE/University Work/DT402/ecommerce_dashboard-main', is_directory=True>
DEBUG:fsevents:NativeEvent(path="/Users/I741851/Library/CloudStorage/OneDrive-SAPSE/University Work/DT402/ecommerce_dashboard-main", inode=9099842, flags=20400, id=168809262): is_directory, is_inode_meta_mod
DEBUG:fsevents:queue_event <DirModifiedEvent: event_type=modified, src_path='/Users/I741851/Library/CloudStorage/OneDrive-SAPSE/University Work/DT402/ecommerce_dashboard-main', is_directory=True>
DEBUG:fsevents:NativeEvent(path="/Users/I741851/Library/CloudStorage/OneDrive-SAPSE/University Work/DT402/ecommerce_dashboard-main/app.log", inode=9805308, flags=410000, id=168809360): is_cloned, is_file
DEBUG:fsevents:NativeEvent(path="/Users/I741851/Library/CloudStorage/OneDrive-SAPSE/University Work/DT402/ecommerce_dashboard-main", inode=9099842, flags=20400, id=168810114): is_directory, is_inode_meta_mod
DEBUG:fsevents:queue_event <DirModifiedEvent: event_type=modified, src_path='/Users/I741851/Library/CloudStorage/OneDrive-SAPSE/University Work/DT402/ecommerce_dashboard-main', is_directory=True>
DEBUG:fsevents:NativeEvent(path="/Users/I741851/Library/CloudStorage/OneDrive-SAPSE/University Work/DT402/ecommerce_dashboard-main/app.log", inode=9805308, flags=410000, id=168812510): is_cloned, is_file
DEBUG:fsevents:NativeEvent(path="/Users/I741851/Library/CloudStorage/OneDrive-SAPSE/University Work/DT402/ecommerce_dashboard-main", inode=9099842, flags=20400, id=168812811): is_directory, is_inode_meta_mod
DEBUG:fsevents:queue_event <DirModifiedEvent: event_type=modified, src_path='/Users/I741851/Library/CloudStorage/OneDrive-SAPSE/University Work/DT402/ecommerce_dashboard-main', is_directory=True>
INFO:werkzeug:127.0.0.1 - - [25/Jan/2024 15:09:18] "GET / HTTP/1.1" 200 -
INFO:werkzeug:127.0.0.1 - - [25/Jan/2024 15:09:18] "[36mGET /static/dashboard_stylesheet.css HTTP/1.1[0m" 304 -
INFO:werkzeug:127.0.0.1 - - [25/Jan/2024 15:09:20] "GET / HTTP/1.1" 200 -
INFO:werkzeug:127.0.0.1 - - [25/Jan/2024 15:09:20] "[36mGET /static/dashboard_stylesheet.css HTTP/1.1[0m" 304 -
DEBUG:fsevents:NativeEvent(path="/Users/I741851/Library/CloudStorage/OneDrive-SAPSE/University Work/DT402/ecommerce_dashboard-main/app.log", inode=9805308, flags=410000, id=168817956): is_cloned, is_file
DEBUG:fsevents:NativeEvent(path="/Users/I741851/Library/CloudStorage/OneDrive-SAPSE/University Work/DT402/ecommerce_dashboard-main", inode=9099842, flags=20400, id=168820964): is_directory, is_inode_meta_mod
DEBUG:fsevents:queue_event <DirModifiedEvent: event_type=modified, src_path='/Users/I741851/Library/CloudStorage/OneDrive-SAPSE/University Work/DT402/ecommerce_dashboard-main', is_directory=True>
DEBUG:fsevents:NativeEvent(path="/Users/I741851/Library/CloudStorage/OneDrive-SAPSE/University Work/DT402/ecommerce_dashboard-main/dashboard.html", inode=9806499, flags=15500, id=168828922): is_created, is_file, is_inode_meta_mod, is_modified, is_owner_change
DEBUG:fsevents:queue_event <FileCreatedEvent: event_type=created, src_path='/Users/I741851/Library/CloudStorage/OneDrive-SAPSE/University Work/DT402/ecommerce_dashboard-main/dashboard.html', is_directory=False>
DEBUG:fsevents:queue_event <DirModifiedEvent: event_type=modified, src_path='/Users/I741851/Library/CloudStorage/OneDrive-SAPSE/University Work/DT402/ecommerce_dashboard-main', is_directory=True>
DEBUG:fsevents:queue_event <FileModifiedEvent: event_type=modified, src_path='/Users/I741851/Library/CloudStorage/OneDrive-SAPSE/University Work/DT402/ecommerce_dashboard-main/dashboard.html', is_directory=False>
DEBUG:fsevents:NativeEvent(path="/Users/I741851/Library/CloudStorage/OneDrive-SAPSE/University Work/DT402/ecommerce_dashboard-main/dashboard.html", inode=9806499, flags=10400, id=168829085): is_file, is_inode_meta_mod
DEBUG:fsevents:queue_event <FileModifiedEvent: event_type=modified, src_path='/Users/I741851/Library/CloudStorage/OneDrive-SAPSE/University Work/DT402/ecommerce_dashboard-main/dashboard.html', is_directory=False>
DEBUG:fsevents:NativeEvent(path="/Users/I741851/Library/CloudStorage/OneDrive-SAPSE/University Work/DT402/ecommerce_dashboard-main/dashboard.html", inode=9806499, flags=1d500, id=168829116): is_created, is_file, is_inode_meta_mod, is_modified, is_owner_change, is_xattr_mod
DEBUG:fsevents:queue_event <FileModifiedEvent: event_type=modified, src_path='/Users/I741851/Library/CloudStorage/OneDrive-SAPSE/University Work/DT402/ecommerce_dashboard-main/dashboard.html', is_directory=False>
DEBUG:fsevents:NativeEvent(path="/Users/I741851/Library/CloudStorage/OneDrive-SAPSE/University Work/DT402/ecommerce_dashboard-main/dashboard.html", inode=9806499, flags=410400, id=168829149): is_cloned, is_file, is_inode_meta_mod
DEBUG:fsevents:queue_event <FileModifiedEvent: event_type=modified, src_path='/Users/I741851/Library/CloudStorage/OneDrive-SAPSE/University Work/DT402/ecommerce_dashboard-main/dashboard.html', is_directory=False>
DEBUG:fsevents:NativeEvent(path="/Users/I741851/Library/CloudStorage/OneDrive-SAPSE/University Work/DT402/ecommerce_dashboard-main/dashboard.html", inode=9806499, flags=18000, id=168829314): is_file, is_xattr_mod
DEBUG:fsevents:queue_event <FileModifiedEvent: event_type=modified, src_path='/Users/I741851/Library/CloudStorage/OneDrive-SAPSE/University Work/DT402/ecommerce_dashboard-main/dashboard.html', is_directory=False>
DEBUG:fsevents:NativeEvent(path="/Users/I741851/Library/CloudStorage/OneDrive-SAPSE/University Work/DT402/ecommerce_dashboard-main/templates/dashboard.html", inode=9099851, flags=10800, id=168830272): is_file, is_renamed
DEBUG:fsevents:queue_event <FileDeletedEvent: event_type=deleted, src_path='/Users/I741851/Library/CloudStorage/OneDrive-SAPSE/University Work/DT402/ecommerce_dashboard-main/templates/dashboard.html', is_directory=False>
DEBUG:fsevents:queue_event <DirModifiedEvent: event_type=modified, src_path='/Users/I741851/Library/CloudStorage/OneDrive-SAPSE/University Work/DT402/ecommerce_dashboard-main/templates', is_directory=True>
DEBUG:fsevents:NativeEvent(path="/Users/I741851/Library/CloudStorage/OneDrive-SAPSE/University Work/DT402/ecommerce_dashboard-main/dashboard.html", inode=9806499, flags=10800, id=168830287): is_file, is_renamed
DEBUG:fsevents:NativeEvent(path="/Users/I741851/Library/CloudStorage/OneDrive-SAPSE/University Work/DT402/ecommerce_dashboard-main/templates/dashboard.html", inode=9806499, flags=10800, id=168830288): is_file, is_renamed
DEBUG:fsevents:Destination event for rename is NativeEvent(path="/Users/I741851/Library/CloudStorage/OneDrive-SAPSE/University Work/DT402/ecommerce_dashboard-main/templates/dashboard.html", inode=9806499, flags=10800, id=168830288)
DEBUG:fsevents:queue_event <FileMovedEvent: src_path='/Users/I741851/Library/CloudStorage/OneDrive-SAPSE/University Work/DT402/ecommerce_dashboard-main/dashboard.html', dest_path='/Users/I741851/Library/CloudStorage/OneDrive-SAPSE/University Work/DT402/ecommerce_dashboard-main/templates/dashboard.html', is_directory=False>
DEBUG:fsevents:queue_event <DirModifiedEvent: event_type=modified, src_path='/Users/I741851/Library/CloudStorage/OneDrive-SAPSE/University Work/DT402/ecommerce_dashboard-main', is_directory=True>
DEBUG:fsevents:queue_event <DirModifiedEvent: event_type=modified, src_path='/Users/I741851/Library/CloudStorage/OneDrive-SAPSE/University Work/DT402/ecommerce_dashboard-main/templates', is_directory=True>
DEBUG:fsevents:NativeEvent(path="/Users/I741851/Library/CloudStorage/OneDrive-SAPSE/University Work/DT402/ecommerce_dashboard-main/templates/dashboard.html", inode=9806499, flags=18800, id=168830315): is_file, is_renamed, is_xattr_mod
DEBUG:fsevents:queue_event <FileModifiedEvent: event_type=modified, src_path='/Users/I741851/Library/CloudStorage/OneDrive-SAPSE/University Work/DT402/ecommerce_dashboard-main/templates/dashboard.html', is_directory=False>
DEBUG:fsevents:queue_event <FileCreatedEvent: event_type=created, src_path='/Users/I741851/Library/CloudStorage/OneDrive-SAPSE/University Work/DT402/ecommerce_dashboard-main/templates/dashboard.html', is_directory=False>
DEBUG:fsevents:queue_event <DirModifiedEvent: event_type=modified, src_path='/Users/I741851/Library/CloudStorage/OneDrive-SAPSE/University Work/DT402/ecommerce_dashboard-main/templates', is_directory=True>
DEBUG:fsevents:NativeEvent(path="/Users/I741851/Library/CloudStorage/OneDrive-SAPSE/University Work/DT402/ecommerce_dashboard-main/templates/dashboard.html", inode=9806499, flags=18000, id=168832089): is_file, is_xattr_mod
DEBUG:fsevents:queue_event <FileModifiedEvent: event_type=modified, src_path='/Users/I741851/Library/CloudStorage/OneDrive-SAPSE/University Work/DT402/ecommerce_dashboard-main/templates/dashboard.html', is_directory=False>
DEBUG:fsevents:NativeEvent(path="/Users/I741851/Library/CloudStorage/OneDrive-SAPSE/University Work/DT402/ecommerce_dashboard-main/templates/dashboard.html", inode=9806499, flags=418000, id=168832200): is_cloned, is_file, is_xattr_mod
DEBUG:fsevents:queue_event <FileModifiedEvent: event_type=modified, src_path='/Users/I741851/Library/CloudStorage/OneDrive-SAPSE/University Work/DT402/ecommerce_dashboard-main/templates/dashboard.html', is_directory=False>
DEBUG:fsevents:NativeEvent(path="/Users/I741851/Library/CloudStorage/OneDrive-SAPSE/University Work/DT402/ecommerce_dashboard-main/templates/dashboard.html", inode=9806607, flags=10800, id=168832313): is_file, is_renamed
DEBUG:fsevents:NativeEvent(path="/Users/I741851/Library/CloudStorage/OneDrive-SAPSE/University Work/DT402/ecommerce_dashboard-main/templates/dashboard.html", inode=9806499, flags=418800, id=168832317): is_cloned, is_file, is_renamed, is_xattr_mod
DEBUG:fsevents:queue_event <FileCreatedEvent: event_type=created, src_path='/Users/I741851/Library/CloudStorage/OneDrive-SAPSE/University Work/DT402/ecommerce_dashboard-main/templates/dashboard.html', is_directory=False>
DEBUG:fsevents:queue_event <DirModifiedEvent: event_type=modified, src_path='/Users/I741851/Library/CloudStorage/OneDrive-SAPSE/University Work/DT402/ecommerce_dashboard-main/templates', is_directory=True>
DEBUG:fsevents:queue_event <FileModifiedEvent: event_type=modified, src_path='/Users/I741851/Library/CloudStorage/OneDrive-SAPSE/University Work/DT402/ecommerce_dashboard-main/templates/dashboard.html', is_directory=False>
DEBUG:fsevents:queue_event <FileDeletedEvent: event_type=deleted, src_path='/Users/I741851/Library/CloudStorage/OneDrive-SAPSE/University Work/DT402/ecommerce_dashboard-main/templates/dashboard.html', is_directory=False>
DEBUG:fsevents:queue_event <DirModifiedEvent: event_type=modified, src_path='/Users/I741851/Library/CloudStorage/OneDrive-SAPSE/University Work/DT402/ecommerce_dashboard-main/templates', is_directory=True>
DEBUG:fsevents:NativeEvent(path="/Users/I741851/Library/CloudStorage/OneDrive-SAPSE/University Work/DT402/ecommerce_dashboard-main/templates/dashboard.html", inode=9806607, flags=18000, id=168832348): is_file, is_xattr_mod
DEBUG:fsevents:queue_event <FileModifiedEvent: event_type=modified, src_path='/Users/I741851/Library/CloudStorage/OneDrive-SAPSE/University Work/DT402/ecommerce_dashboard-main/templates/dashboard.html', is_directory=False>
DEBUG:fsevents:NativeEvent(path="/Users/I741851/Library/CloudStorage/OneDrive-SAPSE/University Work/DT402/ecommerce_dashboard-main/templates", inode=9099850, flags=20400, id=168832357): is_directory, is_inode_meta_mod
DEBUG:fsevents:queue_event <DirModifiedEvent: event_type=modified, src_path='/Users/I741851/Library/CloudStorage/OneDrive-SAPSE/University Work/DT402/ecommerce_dashboard-main/templates', is_directory=True>
DEBUG:fsevents:NativeEvent(path="/Users/I741851/Library/CloudStorage/OneDrive-SAPSE/University Work/DT402/ecommerce_dashboard-main/templates/dashboard.html", inode=9806607, flags=18800, id=168832387): is_file, is_renamed, is_xattr_mod
DEBUG:fsevents:queue_event <FileModifiedEvent: event_type=modified, src_path='/Users/I741851/Library/CloudStorage/OneDrive-SAPSE/University Work/DT402/ecommerce_dashboard-main/templates/dashboard.html', is_directory=False>
DEBUG:fsevents:queue_event <FileCreatedEvent: event_type=created, src_path='/Users/I741851/Library/CloudStorage/OneDrive-SAPSE/University Work/DT402/ecommerce_dashboard-main/templates/dashboard.html', is_directory=False>
DEBUG:fsevents:queue_event <DirModifiedEvent: event_type=modified, src_path='/Users/I741851/Library/CloudStorage/OneDrive-SAPSE/University Work/DT402/ecommerce_dashboard-main/templates', is_directory=True>
DEBUG:fsevents:NativeEvent(path="/Users/I741851/Library/CloudStorage/OneDrive-SAPSE/University Work/DT402/ecommerce_dashboard-main", inode=9099842, flags=20400, id=168832408): is_directory, is_inode_meta_mod
DEBUG:fsevents:queue_event <DirModifiedEvent: event_type=modified, src_path='/Users/I741851/Library/CloudStorage/OneDrive-SAPSE/University Work/DT402/ecommerce_dashboard-main', is_directory=True>
DEBUG:fsevents:NativeEvent(path="/Users/I741851/Library/CloudStorage/OneDrive-SAPSE/University Work/DT402/ecommerce_dashboard-main/templates/dashboard.html", inode=9806607, flags=19400, id=168832704): is_file, is_inode_meta_mod, is_modified, is_xattr_mod
DEBUG:fsevents:queue_event <FileModifiedEvent: event_type=modified, src_path='/Users/I741851/Library/CloudStorage/OneDrive-SAPSE/University Work/DT402/ecommerce_dashboard-main/templates/dashboard.html', is_directory=False>
DEBUG:fsevents:NativeEvent(path="/Users/I741851/Library/CloudStorage/OneDrive-SAPSE/University Work/DT402/ecommerce_dashboard-main/templates/dashboard.html", inode=9806607, flags=418800, id=168832725): is_cloned, is_file, is_renamed, is_xattr_mod
DEBUG:fsevents:queue_event <FileModifiedEvent: event_type=modified, src_path='/Users/I741851/Library/CloudStorage/OneDrive-SAPSE/University Work/DT402/ecommerce_dashboard-main/templates/dashboard.html', is_directory=False>
DEBUG:fsevents:queue_event <FileCreatedEvent: event_type=created, src_path='/Users/I741851/Library/CloudStorage/OneDrive-SAPSE/University Work/DT402/ecommerce_dashboard-main/templates/dashboard.html', is_directory=False>
DEBUG:fsevents:queue_event <DirModifiedEvent: event_type=modified, src_path='/Users/I741851/Library/CloudStorage/OneDrive-SAPSE/University Work/DT402/ecommerce_dashboard-main/templates', is_directory=True>
DEBUG:fsevents:NativeEvent(path="/Users/I741851/Library/CloudStorage/OneDrive-SAPSE/University Work/DT402/ecommerce_dashboard-main/templates/dashboard.html", inode=9806607, flags=19400, id=168832853): is_file, is_inode_meta_mod, is_modified, is_xattr_mod
DEBUG:fsevents:queue_event <FileModifiedEvent: event_type=modified, src_path='/Users/I741851/Library/CloudStorage/OneDrive-SAPSE/University Work/DT402/ecommerce_dashboard-main/templates/dashboard.html', is_directory=False>
DEBUG:fsevents:NativeEvent(path="/Users/I741851/Library/CloudStorage/OneDrive-SAPSE/University Work/DT402/ecommerce_dashboard-main/templates/dashboard.html", inode=9806607, flags=418800, id=168836412): is_cloned, is_file, is_renamed, is_xattr_mod
DEBUG:fsevents:NativeEvent(path="/Users/I741851/Library/CloudStorage/OneDrive-SAPSE/University Work/DT402/ecommerce_dashboard-main/templates", inode=9099850, flags=20400, id=168836415): is_directory, is_inode_meta_mod
DEBUG:fsevents:queue_event <FileModifiedEvent: event_type=modified, src_path='/Users/I741851/Library/CloudStorage/OneDrive-SAPSE/University Work/DT402/ecommerce_dashboard-main/templates/dashboard.html', is_directory=False>
DEBUG:fsevents:queue_event <FileCreatedEvent: event_type=created, src_path='/Users/I741851/Library/CloudStorage/OneDrive-SAPSE/University Work/DT402/ecommerce_dashboard-main/templates/dashboard.html', is_directory=False>
DEBUG:fsevents:queue_event <DirModifiedEvent: event_type=modified, src_path='/Users/I741851/Library/CloudStorage/OneDrive-SAPSE/University Work/DT402/ecommerce_dashboard-main/templates', is_directory=True>
DEBUG:fsevents:queue_event <DirModifiedEvent: event_type=modified, src_path='/Users/I741851/Library/CloudStorage/OneDrive-SAPSE/University Work/DT402/ecommerce_dashboard-main/templates', is_directory=True>
DEBUG:fsevents:NativeEvent(path="/Users/I741851/Library/CloudStorage/OneDrive-SAPSE/University Work/DT402/ecommerce_dashboard-main/static/dashboard-script.js", inode=9099848, flags=10400, id=168836504): is_file, is_inode_meta_mod
DEBUG:fsevents:NativeEvent(path="/Users/I741851/Library/CloudStorage/OneDrive-SAPSE/University Work/DT402/ecommerce_dashboard-main/static/dashboard_stylesheet.css", inode=9099849, flags=11400, id=168836507): is_file, is_inode_meta_mod, is_modified
DEBUG:fsevents:queue_event <FileModifiedEvent: event_type=modified, src_path='/Users/I741851/Library/CloudStorage/OneDrive-SAPSE/University Work/DT402/ecommerce_dashboard-main/static/dashboard-script.js', is_directory=False>
DEBUG:fsevents:queue_event <FileModifiedEvent: event_type=modified, src_path='/Users/I741851/Library/CloudStorage/OneDrive-SAPSE/University Work/DT402/ecommerce_dashboard-main/static/dashboard_stylesheet.css', is_directory=False>
DEBUG:fsevents:NativeEvent(path="/Users/I741851/Library/CloudStorage/OneDrive-SAPSE/University Work/DT402/ecommerce_dashboard-main/static/dashboard-script.js", inode=9099848, flags=11400, id=168836510): is_file, is_inode_meta_mod, is_modified
DEBUG:fsevents:queue_event <FileModifiedEvent: event_type=modified, src_path='/Users/I741851/Library/CloudStorage/OneDrive-SAPSE/University Work/DT402/ecommerce_dashboard-main/static/dashboard-script.js', is_directory=False>
DEBUG:fsevents:NativeEvent(path="/Users/I741851/Library/CloudStorage/OneDrive-SAPSE/University Work/DT402/ecommerce_dashboard-main/.git/index.lock", inode=9806687, flags=10100, id=168836554): is_created, is_file
DEBUG:fsevents:NativeEvent(path="/Users/I741851/Library/CloudStorage/OneDrive-SAPSE/University Work/DT402/ecommerce_dashboard-main/.git/objects/eb/a74f4cd2e2acfb1470300d69b58d8cff458c68", inode=9103177, flags=10400, id=168836557): is_file, is_inode_meta_mod
DEBUG:fsevents:NativeEvent(path="/Users/I741851/Library/CloudStorage/OneDrive-SAPSE/University Work/DT402/ecommerce_dashboard-main/.git/objects/09/00c374c85dc501c4f2ff030aae4cb0ed9c8a9c", inode=9114619, flags=10400, id=168836560): is_file, is_inode_meta_mod
DEBUG:fsevents:NativeEvent(path="/Users/I741851/Library/CloudStorage/OneDrive-SAPSE/University Work/DT402/ecommerce_dashboard-main/.git/objects/0e/3eb4a3b6288608d06af780cc74a17fa68f68f4", inode=9806688, flags=110100, id=168836569): is_created, is_file, is_hardlink
DEBUG:fsevents:NativeEvent(path="/Users/I741851/Library/CloudStorage/OneDrive-SAPSE/University Work/DT402/ecommerce_dashboard-main/.git/objects/0e", inode=9149859, flags=20400, id=168836572): is_directory, is_inode_meta_mod
DEBUG:fsevents:NativeEvent(path="/Users/I741851/Library/CloudStorage/OneDrive-SAPSE/University Work/DT402/ecommerce_dashboard-main/.git/objects/0e/tmp_obj_1lRH2J", inode=9806688, flags=111300, id=168836575): is_coalesced, is_created, is_file, is_hardlink, is_modified, is_removed
DEBUG:fsevents:NativeEvent(path="/Users/I741851/Library/CloudStorage/OneDrive-SAPSE/University Work/DT402/ecommerce_dashboard-main/.git/objects/e6/9de29bb2d1d6434b8b29ae775ad8c2e48c5391", inode=9103181, flags=10400, id=168836578): is_file, is_inode_meta_mod
DEBUG:fsevents:NativeEvent(path="/Users/I741851/Library/CloudStorage/OneDrive-SAPSE/University Work/DT402/ecommerce_dashboard-main/.git/objects/0e/fe85243a05e4ee1d26751c855444c9ed1cc03e", inode=9149860, flags=10400, id=168836581): is_file, is_inode_meta_mod
DEBUG:fsevents:queue_event <FileCreatedEvent: event_type=created, src_path='/Users/I741851/Library/CloudStorage/OneDrive-SAPSE/University Work/DT402/ecommerce_dashboard-main/.git/index.lock', is_directory=False>
DEBUG:fsevents:queue_event <DirModifiedEvent: event_type=modified, src_path='/Users/I741851/Library/CloudStorage/OneDrive-SAPSE/University Work/DT402/ecommerce_dashboard-main/.git', is_directory=True>
DEBUG:fsevents:queue_event <FileModifiedEvent: event_type=modified, src_path='/Users/I741851/Library/CloudStorage/OneDrive-SAPSE/University Work/DT402/ecommerce_dashboard-main/.git/objects/eb/a74f4cd2e2acfb1470300d69b58d8cff458c68', is_directory=False>
DEBUG:fsevents:queue_event <FileModifiedEvent: event_type=modified, src_path='/Users/I741851/Library/CloudStorage/OneDrive-SAPSE/University Work/DT402/ecommerce_dashboard-main/.git/objects/09/00c374c85dc501c4f2ff030aae4cb0ed9c8a9c', is_directory=False>
DEBUG:fsevents:queue_event <FileCreatedEvent: event_type=created, src_path='/Users/I741851/Library/CloudStorage/OneDrive-SAPSE/University Work/DT402/ecommerce_dashboard-main/.git/objects/0e/3eb4a3b6288608d06af780cc74a17fa68f68f4', is_directory=False>
DEBUG:fsevents:queue_event <DirModifiedEvent: event_type=modified, src_path='/Users/I741851/Library/CloudStorage/OneDrive-SAPSE/University Work/DT402/ecommerce_dashboard-main/.git/objects/0e', is_directory=True>
DEBUG:fsevents:queue_event <DirModifiedEvent: event_type=modified, src_path='/Users/I741851/Library/CloudStorage/OneDrive-SAPSE/University Work/DT402/ecommerce_dashboard-main/.git/objects/0e', is_directory=True>
DEBUG:fsevents:queue_event <FileModifiedEvent: event_type=modified, src_path='/Users/I741851/Library/CloudStorage/OneDrive-SAPSE/University Work/DT402/ecommerce_dashboard-main/.git/objects/0e/tmp_obj_1lRH2J', is_directory=False>
DEBUG:fsevents:queue_event <FileDeletedEvent: event_type=deleted, src_path='/Users/I741851/Library/CloudStorage/OneDrive-SAPSE/University Work/DT402/ecommerce_dashboard-main/.git/objects/0e/tmp_obj_1lRH2J', is_directory=False>
DEBUG:fsevents:queue_event <DirModifiedEvent: event_type=modified, src_path='/Users/I741851/Library/CloudStorage/OneDrive-SAPSE/University Work/DT402/ecommerce_dashboard-main/.git/objects/0e', is_directory=True>
DEBUG:fsevents:queue_event <FileModifiedEvent: event_type=modified, src_path='/Users/I741851/Library/CloudStorage/OneDrive-SAPSE/University Work/DT402/ecommerce_dashboard-main/.git/objects/e6/9de29bb2d1d6434b8b29ae775ad8c2e48c5391', is_directory=False>
DEBUG:fsevents:queue_event <FileModifiedEvent: event_type=modified, src_path='/Users/I741851/Library/CloudStorage/OneDrive-SAPSE/University Work/DT402/ecommerce_dashboard-main/.git/objects/0e/fe85243a05e4ee1d26751c855444c9ed1cc03e', is_directory=False>
